{"/Users/alek/Documents/development/zustand/src/context.ts": {"path":"/Users/alek/Documents/development/zustand/src/context.ts","statementMap":{"0":{"start":{"line":8,"column":14},"end":{"line":8,"column":null}},"1":{"start":{"line":9,"column":78},"end":{"line":9,"column":null}},"2":{"start":{"line":24,"column":25},"end":{"line":24,"column":43}},"3":{"start":{"line":26,"column":19},"end":{"line":44,"column":null}},"4":{"start":{"line":27,"column":15},"end":{"line":27,"column":14}},"5":{"start":{"line":28,"column":12},"end":{"line":28,"column":11}},"6":{"start":{"line":33,"column":21},"end":{"line":33,"column":27}},"7":{"start":{"line":35,"column":4},"end":{"line":37,"column":null}},"8":{"start":{"line":36,"column":6},"end":{"line":36,"column":null}},"9":{"start":{"line":39,"column":4},"end":{"line":43,"column":null}},"10":{"start":{"line":46,"column":25},"end":{"line":61,"column":3}},"11":{"start":{"line":50,"column":18},"end":{"line":50,"column":28}},"12":{"start":{"line":51,"column":4},"end":{"line":55,"column":null}},"13":{"start":{"line":52,"column":6},"end":{"line":54,"column":null}},"14":{"start":{"line":56,"column":4},"end":{"line":60,"column":null}},"15":{"start":{"line":63,"column":22},"end":{"line":80,"column":null}},"16":{"start":{"line":64,"column":18},"end":{"line":64,"column":28}},"17":{"start":{"line":65,"column":4},"end":{"line":69,"column":null}},"18":{"start":{"line":66,"column":6},"end":{"line":68,"column":null}},"19":{"start":{"line":70,"column":4},"end":{"line":79,"column":null}},"20":{"start":{"line":72,"column":9},"end":{"line":77,"column":37}},"21":{"start":{"line":82,"column":2},"end":{"line":86,"column":null}},"22":{"start":{"line":89,"column":15},"end":{"line":89,"column":28}}},"fnMap":{"0":{"name":"createContext","decl":{"start":{"line":23,"column":9},"end":{"line":23,"column":22}},"loc":{"start":{"line":23,"column":52},"end":{"line":87,"column":null}}},"1":{"name":"(anonymous_1)","decl":{"start":{"line":26,"column":19},"end":{"line":26,"column":null}},"loc":{"start":{"line":32,"column":8},"end":{"line":44,"column":null}}},"2":{"name":"(anonymous_2)","decl":{"start":{"line":46,"column":25},"end":{"line":46,"column":null}},"loc":{"start":{"line":49,"column":7},"end":{"line":61,"column":3}}},"3":{"name":"(anonymous_3)","decl":{"start":{"line":63,"column":22},"end":{"line":63,"column":28}},"loc":{"start":{"line":63,"column":28},"end":{"line":80,"column":null}}},"4":{"name":"(anonymous_4)","decl":{"start":{"line":71,"column":6},"end":{"line":71,"column":null}},"loc":{"start":{"line":71,"column":6},"end":{"line":77,"column":null}}}},"branchMap":{"0":{"loc":{"start":{"line":35,"column":4},"end":{"line":37,"column":null}},"type":"if","locations":[{"start":{"line":35,"column":4},"end":{"line":37,"column":null}}]},"1":{"loc":{"start":{"line":51,"column":4},"end":{"line":55,"column":null}},"type":"if","locations":[{"start":{"line":51,"column":4},"end":{"line":55,"column":null}}]},"2":{"loc":{"start":{"line":65,"column":4},"end":{"line":69,"column":null}},"type":"if","locations":[{"start":{"line":65,"column":4},"end":{"line":69,"column":null}}]}},"s":{"0":1,"1":1,"2":5,"3":5,"4":3,"5":3,"6":3,"7":3,"8":3,"9":3,"10":5,"11":11,"12":10,"13":4,"14":6,"15":5,"16":2,"17":2,"18":0,"19":2,"20":1,"21":5,"22":1},"f":{"0":5,"1":3,"2":11,"3":2,"4":1},"b":{"0":[3],"1":[4],"2":[0]}}
,"/Users/alek/Documents/development/zustand/src/index.ts": {"path":"/Users/alek/Documents/development/zustand/src/index.ts","statementMap":{"0":{"start":{"line":3,"column":9},"end":{"line":3,"column":20}},"1":{"start":{"line":4,"column":9},"end":{"line":4,"column":null}},"2":{"start":{"line":1,"column":14},"end":{"line":1,"column":null}},"3":{"start":{"line":1,"column":0},"end":{"line":1,"column":null}},"4":{"start":{"line":1,"column":25},"end":{"line":1,"column":null}},"5":{"start":{"line":2,"column":14},"end":{"line":2,"column":null}},"6":{"start":{"line":2,"column":0},"end":{"line":2,"column":null}},"7":{"start":{"line":2,"column":23},"end":{"line":2,"column":null}}},"fnMap":{"0":{"name":"(anonymous_2)","decl":{"start":{"line":1,"column":25},"end":{"line":1,"column":null}},"loc":{"start":{"line":1,"column":25},"end":{"line":1,"column":null}}},"1":{"name":"(anonymous_4)","decl":{"start":{"line":2,"column":23},"end":{"line":2,"column":null}},"loc":{"start":{"line":2,"column":23},"end":{"line":2,"column":null}}}},"branchMap":{"0":{"loc":{"start":{"line":1,"column":0},"end":{"line":1,"column":null}},"type":"if","locations":[{"start":{"line":1,"column":0},"end":{"line":1,"column":null}}]},"1":{"loc":{"start":{"line":1,"column":0},"end":{"line":1,"column":null}},"type":"binary-expr","locations":[{"start":{"line":1,"column":0},"end":{"line":1,"column":14}},{"start":{"line":1,"column":0},"end":{"line":1,"column":null}}]},"2":{"loc":{"start":{"line":2,"column":0},"end":{"line":2,"column":null}},"type":"if","locations":[{"start":{"line":2,"column":0},"end":{"line":2,"column":null}}]},"3":{"loc":{"start":{"line":2,"column":0},"end":{"line":2,"column":null}},"type":"binary-expr","locations":[{"start":{"line":2,"column":0},"end":{"line":2,"column":14}},{"start":{"line":2,"column":0},"end":{"line":2,"column":null}}]}},"s":{"0":0,"1":87,"2":7,"3":7,"4":0,"5":7,"6":20,"7":0},"f":{"0":7,"1":14},"b":{"0":[0],"1":[0,0],"2":[0],"3":[7,0]}}
,"/Users/alek/Documents/development/zustand/src/middleware.ts": {"path":"/Users/alek/Documents/development/zustand/src/middleware.ts","statementMap":{"0":{"start":{"line":1,"column":14},"end":{"line":1,"column":null}},"1":{"start":{"line":1,"column":0},"end":{"line":1,"column":null}},"2":{"start":{"line":1,"column":34},"end":{"line":1,"column":null}},"3":{"start":{"line":2,"column":14},"end":{"line":2,"column":null}},"4":{"start":{"line":2,"column":0},"end":{"line":2,"column":null}},"5":{"start":{"line":2,"column":37},"end":{"line":2,"column":null}},"6":{"start":{"line":3,"column":14},"end":{"line":3,"column":null}},"7":{"start":{"line":3,"column":0},"end":{"line":3,"column":null}},"8":{"start":{"line":3,"column":50},"end":{"line":3,"column":null}},"9":{"start":{"line":4,"column":14},"end":{"line":4,"column":null}},"10":{"start":{"line":4,"column":0},"end":{"line":4,"column":null}},"11":{"start":{"line":4,"column":36},"end":{"line":4,"column":null}},"12":{"start":{"line":5,"column":14},"end":{"line":5,"column":null}},"13":{"start":{"line":5,"column":0},"end":{"line":5,"column":null}},"14":{"start":{"line":5,"column":36},"end":{"line":5,"column":null}}},"fnMap":{"0":{"name":"(anonymous_0)","decl":{"start":{"line":1,"column":34},"end":{"line":1,"column":null}},"loc":{"start":{"line":1,"column":34},"end":{"line":1,"column":null}}},"1":{"name":"(anonymous_2)","decl":{"start":{"line":2,"column":37},"end":{"line":2,"column":null}},"loc":{"start":{"line":2,"column":37},"end":{"line":2,"column":null}}},"2":{"name":"(anonymous_4)","decl":{"start":{"line":3,"column":50},"end":{"line":3,"column":null}},"loc":{"start":{"line":3,"column":50},"end":{"line":3,"column":null}}},"3":{"name":"(anonymous_6)","decl":{"start":{"line":4,"column":36},"end":{"line":4,"column":null}},"loc":{"start":{"line":4,"column":36},"end":{"line":4,"column":null}}},"4":{"name":"(anonymous_8)","decl":{"start":{"line":5,"column":36},"end":{"line":5,"column":null}},"loc":{"start":{"line":5,"column":36},"end":{"line":5,"column":null}}}},"branchMap":{"0":{"loc":{"start":{"line":1,"column":0},"end":{"line":1,"column":null}},"type":"if","locations":[{"start":{"line":1,"column":0},"end":{"line":1,"column":null}}]},"1":{"loc":{"start":{"line":1,"column":0},"end":{"line":1,"column":null}},"type":"binary-expr","locations":[{"start":{"line":1,"column":0},"end":{"line":1,"column":14}},{"start":{"line":1,"column":0},"end":{"line":1,"column":null}}]},"2":{"loc":{"start":{"line":2,"column":0},"end":{"line":2,"column":null}},"type":"if","locations":[{"start":{"line":2,"column":0},"end":{"line":2,"column":null}}]},"3":{"loc":{"start":{"line":2,"column":0},"end":{"line":2,"column":null}},"type":"binary-expr","locations":[{"start":{"line":2,"column":0},"end":{"line":2,"column":14}},{"start":{"line":2,"column":0},"end":{"line":2,"column":null}}]},"4":{"loc":{"start":{"line":3,"column":0},"end":{"line":3,"column":null}},"type":"if","locations":[{"start":{"line":3,"column":0},"end":{"line":3,"column":null}}]},"5":{"loc":{"start":{"line":3,"column":0},"end":{"line":3,"column":null}},"type":"binary-expr","locations":[{"start":{"line":3,"column":0},"end":{"line":3,"column":14}},{"start":{"line":3,"column":0},"end":{"line":3,"column":null}}]},"6":{"loc":{"start":{"line":4,"column":0},"end":{"line":4,"column":null}},"type":"if","locations":[{"start":{"line":4,"column":0},"end":{"line":4,"column":null}}]},"7":{"loc":{"start":{"line":4,"column":0},"end":{"line":4,"column":null}},"type":"binary-expr","locations":[{"start":{"line":4,"column":0},"end":{"line":4,"column":14}},{"start":{"line":4,"column":0},"end":{"line":4,"column":null}}]},"8":{"loc":{"start":{"line":5,"column":0},"end":{"line":5,"column":null}},"type":"if","locations":[{"start":{"line":5,"column":0},"end":{"line":5,"column":null}}]},"9":{"loc":{"start":{"line":5,"column":0},"end":{"line":5,"column":null}},"type":"binary-expr","locations":[{"start":{"line":5,"column":0},"end":{"line":5,"column":14}},{"start":{"line":5,"column":0},"end":{"line":5,"column":null}}]}},"s":{"0":6,"1":16,"2":0,"3":6,"4":49,"5":0,"6":6,"7":29,"8":0,"9":6,"10":17,"11":0,"12":6,"13":52,"14":0},"f":{"0":6,"1":6,"2":6,"3":6,"4":6},"b":{"0":[0],"1":[6,0],"2":[0],"3":[6,0],"4":[0],"5":[6,0],"6":[0],"7":[6,0],"8":[0],"9":[6,0]}}
,"/Users/alek/Documents/development/zustand/src/react.ts": {"path":"/Users/alek/Documents/development/zustand/src/react.ts","statementMap":{"0":{"start":{"line":29,"column":16},"end":{"line":29,"column":null}},"1":{"start":{"line":1,"column":37},"end":{"line":1,"column":null}},"2":{"start":{"line":2,"column":93},"end":{"line":2,"column":null}},"3":{"start":{"line":11,"column":18},"end":{"line":11,"column":null}},"4":{"start":{"line":31,"column":2},"end":{"line":31,"column":60}},"5":{"start":{"line":32,"column":42},"end":{"line":32,"column":null}},"6":{"start":{"line":34,"column":16},"end":{"line":39,"column":null}},"7":{"start":{"line":41,"column":2},"end":{"line":41,"column":null}},"8":{"start":{"line":42,"column":2},"end":{"line":42,"column":null}},"9":{"start":{"line":63,"column":19},"end":{"line":73,"column":null}},"10":{"start":{"line":65,"column":4},"end":{"line":65,"column":78}},"11":{"start":{"line":67,"column":29},"end":{"line":68,"column":null}},"12":{"start":{"line":68,"column":4},"end":{"line":68,"column":null}},"13":{"start":{"line":70,"column":2},"end":{"line":70,"column":null}},"14":{"start":{"line":72,"column":2},"end":{"line":72,"column":null}},"15":{"start":{"line":75,"column":16},"end":{"line":77,"column":57}},"16":{"start":{"line":77,"column":6},"end":{"line":77,"column":57}},"17":{"start":{"line":79,"column":15},"end":{"line":79,"column":21}}},"fnMap":{"0":{"name":"useStore","decl":{"start":{"line":29,"column":16},"end":{"line":29,"column":24}},"loc":{"start":{"line":33,"column":2},"end":{"line":43,"column":null}}},"1":{"name":"(anonymous_2)","decl":{"start":{"line":63,"column":19},"end":{"line":63,"column":37}},"loc":{"start":{"line":63,"column":78},"end":{"line":73,"column":null}}},"2":{"name":"(anonymous_3)","decl":{"start":{"line":67,"column":29},"end":{"line":67,"column":30}},"loc":{"start":{"line":67,"column":62},"end":{"line":68,"column":null}}},"3":{"name":"(anonymous_4)","decl":{"start":{"line":75,"column":16},"end":{"line":75,"column":null}},"loc":{"start":{"line":76,"column":50},"end":{"line":77,"column":57}}}},"branchMap":{"0":{"loc":{"start":{"line":31,"column":2},"end":{"line":31,"column":60}},"type":"cond-expr","locations":[{"start":{"line":31,"column":67},"end":{"line":31,"column":null}},{"start":{"line":31,"column":48},"end":{"line":31,"column":60}}]},"1":{"loc":{"start":{"line":31,"column":2},"end":{"line":31,"column":45}},"type":"binary-expr","locations":[{"start":{"line":31,"column":2},"end":{"line":31,"column":45}},{"start":{"line":31,"column":2},"end":{"line":31,"column":45}}]},"2":{"loc":{"start":{"line":32,"column":42},"end":{"line":32,"column":null}},"type":"cond-expr","locations":[{"start":{"line":32,"column":42},"end":{"line":32,"column":null}},{"start":{"line":32,"column":42},"end":{"line":32,"column":null}}]},"3":{"loc":{"start":{"line":37,"column":4},"end":{"line":37,"column":38}},"type":"binary-expr","locations":[{"start":{"line":37,"column":4},"end":{"line":37,"column":22}},{"start":{"line":37,"column":26},"end":{"line":37,"column":38}}]},"4":{"loc":{"start":{"line":65,"column":4},"end":{"line":65,"column":78}},"type":"cond-expr","locations":[{"start":{"line":65,"column":40},"end":{"line":65,"column":51}},{"start":{"line":65,"column":67},"end":{"line":65,"column":78}}]},"5":{"loc":{"start":{"line":77,"column":6},"end":{"line":77,"column":56}},"type":"cond-expr","locations":[{"start":{"line":77,"column":20},"end":{"line":77,"column":43}},{"start":{"line":77,"column":46},"end":{"line":77,"column":56}}]}},"s":{"0":7,"1":7,"2":7,"3":7,"4":89,"5":89,"6":89,"7":79,"8":79,"9":7,"10":87,"11":87,"12":83,"13":87,"14":87,"15":7,"16":87,"17":7},"f":{"0":89,"1":87,"2":83,"3":87},"b":{"0":[58,31],"1":[89,89],"2":[89,0],"3":[89,89],"4":[87,0],"5":[70,17]}}
,"/Users/alek/Documents/development/zustand/src/setup-tests.ts": {"path":"/Users/alek/Documents/development/zustand/src/setup-tests.ts","statementMap":{"0":{"start":{"line":6,"column":22},"end":{"line":6,"column":45}},"1":{"start":{"line":9,"column":15},"end":{"line":19,"column":null}},"2":{"start":{"line":15,"column":16},"end":{"line":15,"column":41}},"3":{"start":{"line":16,"column":23},"end":{"line":16,"column":39}},"4":{"start":{"line":17,"column":2},"end":{"line":17,"column":null}},"5":{"start":{"line":17,"column":26},"end":{"line":17,"column":61}},"6":{"start":{"line":18,"column":2},"end":{"line":18,"column":null}},"7":{"start":{"line":22,"column":0},"end":{"line":24,"column":null}},"8":{"start":{"line":23,"column":2},"end":{"line":23,"column":null}},"9":{"start":{"line":23,"column":12},"end":{"line":23,"column":58}},"10":{"start":{"line":23,"column":47},"end":{"line":23,"column":57}}},"fnMap":{"0":{"name":"(anonymous_0)","decl":{"start":{"line":9,"column":15},"end":{"line":9,"column":null}},"loc":{"start":{"line":14,"column":5},"end":{"line":19,"column":null}}},"1":{"name":"(anonymous_1)","decl":{"start":{"line":17,"column":20},"end":{"line":17,"column":26}},"loc":{"start":{"line":17,"column":20},"end":{"line":17,"column":61}}},"2":{"name":"(anonymous_2)","decl":{"start":{"line":22,"column":10},"end":{"line":22,"column":16}},"loc":{"start":{"line":22,"column":16},"end":{"line":24,"column":2}}},"3":{"name":"(anonymous_3)","decl":{"start":{"line":23,"column":6},"end":{"line":23,"column":12}},"loc":{"start":{"line":23,"column":6},"end":{"line":23,"column":58}}},"4":{"name":"(anonymous_4)","decl":{"start":{"line":23,"column":34},"end":{"line":23,"column":35}},"loc":{"start":{"line":23,"column":42},"end":{"line":23,"column":57}}}},"branchMap":{},"s":{"0":0,"1":0,"2":0,"3":0,"4":0,"5":0,"6":0,"7":0,"8":0,"9":0,"10":0},"f":{"0":0,"1":0,"2":0,"3":0,"4":0},"b":{}}
,"/Users/alek/Documents/development/zustand/src/shallow.ts": {"path":"/Users/alek/Documents/development/zustand/src/shallow.ts","statementMap":{"0":{"start":{"line":1,"column":24},"end":{"line":1,"column":38}},"1":{"start":{"line":2,"column":2},"end":{"line":4,"column":null}},"2":{"start":{"line":3,"column":4},"end":{"line":3,"column":null}},"3":{"start":{"line":5,"column":2},"end":{"line":12,"column":null}},"4":{"start":{"line":11,"column":4},"end":{"line":11,"column":null}},"5":{"start":{"line":13,"column":16},"end":{"line":13,"column":33}},"6":{"start":{"line":14,"column":2},"end":{"line":16,"column":null}},"7":{"start":{"line":15,"column":4},"end":{"line":15,"column":null}},"8":{"start":{"line":17,"column":2},"end":{"line":24,"column":null}},"9":{"start":{"line":17,"column":15},"end":{"line":17,"column":16}},"10":{"start":{"line":18,"column":4},"end":{"line":23,"column":null}},"11":{"start":{"line":22,"column":6},"end":{"line":22,"column":null}},"12":{"start":{"line":25,"column":2},"end":{"line":25,"column":null}}},"fnMap":{"0":{"name":"shallow","decl":{"start":{"line":1,"column":24},"end":{"line":1,"column":31}},"loc":{"start":{"line":1,"column":56},"end":{"line":26,"column":null}}}},"branchMap":{"0":{"loc":{"start":{"line":2,"column":2},"end":{"line":4,"column":null}},"type":"if","locations":[{"start":{"line":2,"column":2},"end":{"line":4,"column":null}}]},"1":{"loc":{"start":{"line":5,"column":2},"end":{"line":12,"column":null}},"type":"if","locations":[{"start":{"line":5,"column":2},"end":{"line":12,"column":null}}]},"2":{"loc":{"start":{"line":6,"column":4},"end":{"line":9,"column":17}},"type":"binary-expr","locations":[{"start":{"line":6,"column":4},"end":{"line":6,"column":28}},{"start":{"line":7,"column":4},"end":{"line":7,"column":17}},{"start":{"line":8,"column":4},"end":{"line":8,"column":28}},{"start":{"line":9,"column":4},"end":{"line":9,"column":17}}]},"3":{"loc":{"start":{"line":14,"column":2},"end":{"line":16,"column":null}},"type":"if","locations":[{"start":{"line":14,"column":2},"end":{"line":16,"column":null}}]},"4":{"loc":{"start":{"line":18,"column":4},"end":{"line":23,"column":null}},"type":"if","locations":[{"start":{"line":18,"column":4},"end":{"line":23,"column":null}}]},"5":{"loc":{"start":{"line":19,"column":6},"end":{"line":20,"column":70}},"type":"binary-expr","locations":[{"start":{"line":19,"column":6},"end":{"line":19,"column":69}},{"start":{"line":20,"column":6},"end":{"line":20,"column":70}}]}},"s":{"0":1,"1":13,"2":3,"3":10,"4":3,"5":7,"6":7,"7":1,"8":6,"9":6,"10":10,"11":4,"12":2},"f":{"0":13},"b":{"0":[3],"1":[3],"2":[10,7,7,7],"3":[1],"4":[4],"5":[10,9]}}
,"/Users/alek/Documents/development/zustand/src/vanilla.ts": {"path":"/Users/alek/Documents/development/zustand/src/vanilla.ts","statementMap":{"0":{"start":{"line":78,"column":41},"end":{"line":115,"column":null}},"1":{"start":{"line":81,"column":48},"end":{"line":81,"column":57}},"2":{"start":{"line":83,"column":37},"end":{"line":97,"column":null}},"3":{"start":{"line":87,"column":6},"end":{"line":89,"column":17}},"4":{"start":{"line":90,"column":4},"end":{"line":96,"column":null}},"5":{"start":{"line":91,"column":28},"end":{"line":91,"column":33}},"6":{"start":{"line":92,"column":6},"end":{"line":94,"column":null}},"7":{"start":{"line":95,"column":6},"end":{"line":95,"column":null}},"8":{"start":{"line":95,"column":38},"end":{"line":95,"column":69}},"9":{"start":{"line":99,"column":37},"end":{"line":99,"column":null}},"10":{"start":{"line":99,"column":43},"end":{"line":99,"column":null}},"11":{"start":{"line":101,"column":39},"end":{"line":105,"column":null}},"12":{"start":{"line":102,"column":4},"end":{"line":102,"column":null}},"13":{"start":{"line":104,"column":4},"end":{"line":104,"column":null}},"14":{"start":{"line":104,"column":17},"end":{"line":104,"column":null}},"15":{"start":{"line":107,"column":27},"end":{"line":107,"column":null}},"16":{"start":{"line":107,"column":33},"end":{"line":107,"column":null}},"17":{"start":{"line":108,"column":14},"end":{"line":108,"column":null}},"18":{"start":{"line":109,"column":2},"end":{"line":113,"column":null}},"19":{"start":{"line":114,"column":2},"end":{"line":114,"column":19}},"20":{"start":{"line":117,"column":21},"end":{"line":118,"column":62}},"21":{"start":{"line":118,"column":2},"end":{"line":118,"column":62}},"22":{"start":{"line":120,"column":15},"end":{"line":120,"column":26}}},"fnMap":{"0":{"name":"(anonymous_0)","decl":{"start":{"line":78,"column":41},"end":{"line":78,"column":42}},"loc":{"start":{"line":78,"column":58},"end":{"line":115,"column":null}}},"1":{"name":"(anonymous_1)","decl":{"start":{"line":83,"column":37},"end":{"line":83,"column":38}},"loc":{"start":{"line":83,"column":59},"end":{"line":97,"column":null}}},"2":{"name":"(anonymous_2)","decl":{"start":{"line":95,"column":24},"end":{"line":95,"column":25}},"loc":{"start":{"line":95,"column":33},"end":{"line":95,"column":69}}},"3":{"name":"(anonymous_3)","decl":{"start":{"line":99,"column":37},"end":{"line":99,"column":43}},"loc":{"start":{"line":99,"column":37},"end":{"line":99,"column":null}}},"4":{"name":"(anonymous_4)","decl":{"start":{"line":101,"column":39},"end":{"line":101,"column":40}},"loc":{"start":{"line":101,"column":76},"end":{"line":105,"column":null}}},"5":{"name":"(anonymous_5)","decl":{"start":{"line":104,"column":11},"end":{"line":104,"column":17}},"loc":{"start":{"line":104,"column":11},"end":{"line":104,"column":null}}},"6":{"name":"(anonymous_6)","decl":{"start":{"line":107,"column":27},"end":{"line":107,"column":33}},"loc":{"start":{"line":107,"column":27},"end":{"line":107,"column":null}}},"7":{"name":"(anonymous_7)","decl":{"start":{"line":117,"column":21},"end":{"line":117,"column":22}},"loc":{"start":{"line":117,"column":33},"end":{"line":118,"column":62}}}},"branchMap":{"0":{"loc":{"start":{"line":87,"column":6},"end":{"line":89,"column":17}},"type":"cond-expr","locations":[{"start":{"line":88,"column":10},"end":{"line":88,"column":55}},{"start":{"line":89,"column":10},"end":{"line":89,"column":17}}]},"1":{"loc":{"start":{"line":90,"column":4},"end":{"line":96,"column":null}},"type":"if","locations":[{"start":{"line":90,"column":4},"end":{"line":96,"column":null}}]},"2":{"loc":{"start":{"line":92,"column":14},"end":{"line":94,"column":45}},"type":"cond-expr","locations":[{"start":{"line":93,"column":11},"end":{"line":93,"column":20}},{"start":{"line":94,"column":10},"end":{"line":94,"column":45}}]},"3":{"loc":{"start":{"line":118,"column":2},"end":{"line":118,"column":62}},"type":"cond-expr","locations":[{"start":{"line":118,"column":16},"end":{"line":118,"column":44}},{"start":{"line":118,"column":47},"end":{"line":118,"column":62}}]}},"s":{"0":8,"1":119,"2":119,"3":115,"4":115,"5":112,"6":112,"7":112,"8":50,"9":119,"10":494,"11":119,"12":51,"13":51,"14":44,"15":119,"16":2,"17":119,"18":119,"19":119,"20":8,"21":119,"22":8},"f":{"0":119,"1":115,"2":50,"3":494,"4":51,"5":44,"6":2,"7":119},"b":{"0":[20,95],"1":[112],"2":[44,68],"3":[119,0]}}
,"/Users/alek/Documents/development/zustand/src/middleware/combine.ts": {"path":"/Users/alek/Documents/development/zustand/src/middleware/combine.ts","statementMap":{"0":{"start":{"line":16,"column":2},"end":{"line":18,"column":null}},"1":{"start":{"line":17,"column":2},"end":{"line":18,"column":null}},"2":{"start":{"line":17,"column":6},"end":{"line":17,"column":7}},"3":{"start":{"line":17,"column":7},"end":{"line":17,"column":null}},"4":{"start":{"line":17,"column":6},"end":{"line":17,"column":null}},"5":{"start":{"line":18,"column":4},"end":{"line":18,"column":null}},"6":{"start":{"line":15,"column":13},"end":{"line":15,"column":null}}},"fnMap":{"0":{"name":"(anonymous_6)","decl":{"start":{"line":16,"column":2},"end":{"line":16,"column":3}},"loc":{"start":{"line":16,"column":23},"end":{"line":18,"column":null}}},"1":{"name":"(anonymous_7)","decl":{"start":{"line":17,"column":2},"end":{"line":17,"column":6}},"loc":{"start":{"line":17,"column":2},"end":{"line":18,"column":null}}}},"branchMap":{},"s":{"0":6,"1":5,"2":5,"3":10,"4":15,"5":5,"6":6},"f":{"0":5,"1":5},"b":{}}
,"/Users/alek/Documents/development/zustand/src/middleware/devtools.ts": {"path":"/Users/alek/Documents/development/zustand/src/middleware/devtools.ts","statementMap":{"0":{"start":{"line":108,"column":2},"end":{"line":252,"column":null}},"1":{"start":{"line":108,"column":22},"end":{"line":108,"column":27}},"2":{"start":{"line":109,"column":2},"end":{"line":252,"column":null}},"3":{"start":{"line":112,"column":57},"end":{"line":112,"column":19}},"4":{"start":{"line":112,"column":57},"end":{"line":112,"column":40}},"5":{"start":{"line":112,"column":52},"end":{"line":112,"column":null}},"6":{"start":{"line":116,"column":4},"end":{"line":121,"column":null}},"7":{"start":{"line":117,"column":6},"end":{"line":118,"column":null}},"8":{"start":{"line":123,"column":4},"end":{"line":130,"column":null}},"9":{"start":{"line":124,"column":6},"end":{"line":128,"column":null}},"10":{"start":{"line":125,"column":8},"end":{"line":127,"column":null}},"11":{"start":{"line":129,"column":6},"end":{"line":129,"column":null}},"12":{"start":{"line":132,"column":22},"end":{"line":132,"column":57}},"13":{"start":{"line":134,"column":22},"end":{"line":134,"column":26}},"14":{"start":{"line":135,"column":6},"end":{"line":147,"column":null}},"15":{"start":{"line":136,"column":16},"end":{"line":136,"column":35}},"16":{"start":{"line":137,"column":6},"end":{"line":137,"column":null}},"17":{"start":{"line":137,"column":24},"end":{"line":137,"column":null}},"18":{"start":{"line":138,"column":6},"end":{"line":145,"column":null}},"19":{"start":{"line":146,"column":6},"end":{"line":146,"column":null}},"20":{"start":{"line":148,"column":46},"end":{"line":153,"column":null}},"21":{"start":{"line":148,"column":50},"end":{"line":148,"column":51}},"22":{"start":{"line":148,"column":51},"end":{"line":148,"column":56}},"23":{"start":{"line":148,"column":50},"end":{"line":148,"column":56}},"24":{"start":{"line":149,"column":34},"end":{"line":149,"column":45}},"25":{"start":{"line":150,"column":6},"end":{"line":150,"column":null}},"26":{"start":{"line":151,"column":6},"end":{"line":151,"column":null}},"27":{"start":{"line":152,"column":6},"end":{"line":152,"column":null}},"28":{"start":{"line":155,"column":25},"end":{"line":155,"column":51}},"29":{"start":{"line":156,"column":4},"end":{"line":156,"column":null}},"30":{"start":{"line":158,"column":4},"end":{"line":178,"column":null}},"31":{"start":{"line":162,"column":43},"end":{"line":162,"column":48}},"32":{"start":{"line":163,"column":31},"end":{"line":163,"column":52}},"33":{"start":{"line":164,"column":7},"end":{"line":177,"column":null}},"34":{"start":{"line":164,"column":35},"end":{"line":164,"column":36}},"35":{"start":{"line":164,"column":36},"end":{"line":164,"column":48}},"36":{"start":{"line":164,"column":35},"end":{"line":164,"column":48}},"37":{"start":{"line":165,"column":8},"end":{"line":175,"column":null}},"38":{"start":{"line":170,"column":10},"end":{"line":173,"column":null}},"39":{"start":{"line":174,"column":10},"end":{"line":174,"column":null}},"40":{"start":{"line":176,"column":9},"end":{"line":176,"column":null}},"41":{"start":{"line":180,"column":5},"end":{"line":249,"column":null}},"42":{"start":{"line":188,"column":6},"end":{"line":248,"column":null}},"43":{"start":{"line":190,"column":10},"end":{"line":195,"column":null}},"44":{"start":{"line":191,"column":12},"end":{"line":193,"column":null}},"45":{"start":{"line":194,"column":12},"end":{"line":194,"column":18}},"46":{"start":{"line":196,"column":10},"end":{"line":208,"column":null}},"47":{"start":{"line":199,"column":14},"end":{"line":202,"column":null}},"48":{"start":{"line":200,"column":16},"end":{"line":200,"column":null}},"49":{"start":{"line":201,"column":16},"end":{"line":201,"column":22}},"50":{"start":{"line":204,"column":14},"end":{"line":204,"column":60}},"51":{"start":{"line":204,"column":54},"end":{"line":204,"column":60}},"52":{"start":{"line":205,"column":14},"end":{"line":205,"column":null}},"53":{"start":{"line":205,"column":63},"end":{"line":205,"column":null}},"54":{"start":{"line":206,"column":15},"end":{"line":206,"column":null}},"55":{"start":{"line":211,"column":10},"end":{"line":246,"column":null}},"56":{"start":{"line":213,"column":14},"end":{"line":213,"column":null}},"57":{"start":{"line":214,"column":14},"end":{"line":214,"column":null}},"58":{"start":{"line":217,"column":14},"end":{"line":217,"column":null}},"59":{"start":{"line":220,"column":14},"end":{"line":223,"column":null}},"60":{"start":{"line":221,"column":16},"end":{"line":221,"column":null}},"61":{"start":{"line":222,"column":16},"end":{"line":222,"column":null}},"62":{"start":{"line":227,"column":14},"end":{"line":229,"column":null}},"63":{"start":{"line":228,"column":16},"end":{"line":228,"column":null}},"64":{"start":{"line":232,"column":42},"end":{"line":232,"column":37}},"65":{"start":{"line":234,"column":16},"end":{"line":234,"column":66}},"66":{"start":{"line":235,"column":14},"end":{"line":235,"column":44}},"67":{"start":{"line":235,"column":38},"end":{"line":235,"column":44}},"68":{"start":{"line":236,"column":14},"end":{"line":236,"column":null}},"69":{"start":{"line":237,"column":14},"end":{"line":240,"column":null}},"70":{"start":{"line":241,"column":14},"end":{"line":241,"column":20}},"71":{"start":{"line":245,"column":14},"end":{"line":245,"column":49}},"72":{"start":{"line":247,"column":10},"end":{"line":247,"column":16}},"73":{"start":{"line":251,"column":4},"end":{"line":251,"column":null}},"74":{"start":{"line":253,"column":24},"end":{"line":253,"column":36}},"75":{"start":{"line":253,"column":13},"end":{"line":253,"column":24}},"76":{"start":{"line":255,"column":22},"end":{"line":266,"column":null}},"77":{"start":{"line":257,"column":2},"end":{"line":264,"column":null}},"78":{"start":{"line":258,"column":4},"end":{"line":258,"column":null}},"79":{"start":{"line":260,"column":4},"end":{"line":263,"column":null}},"80":{"start":{"line":265,"column":2},"end":{"line":265,"column":null}},"81":{"start":{"line":265,"column":28},"end":{"line":265,"column":null}}},"fnMap":{"0":{"name":"(anonymous_8)","decl":{"start":{"line":108,"column":2},"end":{"line":108,"column":3}},"loc":{"start":{"line":108,"column":5},"end":{"line":252,"column":null}}},"1":{"name":"(anonymous_9)","decl":{"start":{"line":109,"column":2},"end":{"line":109,"column":3}},"loc":{"start":{"line":109,"column":21},"end":{"line":252,"column":null}}},"2":{"name":"(anonymous_10)","decl":{"start":{"line":135,"column":37},"end":{"line":135,"column":38}},"loc":{"start":{"line":135,"column":71},"end":{"line":147,"column":null}}},"3":{"name":"(anonymous_11)","decl":{"start":{"line":148,"column":46},"end":{"line":148,"column":50}},"loc":{"start":{"line":148,"column":56},"end":{"line":153,"column":null}}},"4":{"name":"(anonymous_12)","decl":{"start":{"line":164,"column":31},"end":{"line":164,"column":35}},"loc":{"start":{"line":164,"column":48},"end":{"line":177,"column":null}}},"5":{"name":"(anonymous_13)","decl":{"start":{"line":187,"column":16},"end":{"line":187,"column":17}},"loc":{"start":{"line":187,"column":34},"end":{"line":249,"column":6}}},"6":{"name":"(anonymous_14)","decl":{"start":{"line":198,"column":12},"end":{"line":198,"column":13}},"loc":{"start":{"line":198,"column":24},"end":{"line":207,"column":null}}},"7":{"name":"(anonymous_15)","decl":{"start":{"line":220,"column":53},"end":{"line":220,"column":54}},"loc":{"start":{"line":220,"column":64},"end":{"line":223,"column":16}}},"8":{"name":"(anonymous_16)","decl":{"start":{"line":227,"column":53},"end":{"line":227,"column":54}},"loc":{"start":{"line":227,"column":64},"end":{"line":229,"column":16}}},"9":{"name":"(anonymous_17)","decl":{"start":{"line":255,"column":22},"end":{"line":255,"column":26}},"loc":{"start":{"line":255,"column":74},"end":{"line":266,"column":null}}}},"branchMap":{"0":{"loc":{"start":{"line":108,"column":22},"end":{"line":108,"column":27}},"type":"cond-expr","locations":[{"start":{"line":108,"column":22},"end":{"line":108,"column":25}},{"start":{"line":108,"column":25},"end":{"line":108,"column":27}}]},"1":{"loc":{"start":{"line":108,"column":22},"end":{"line":108,"column":25}},"type":"binary-expr","locations":[{"start":{"line":108,"column":22},"end":{"line":108,"column":25}},{"start":{"line":108,"column":22},"end":{"line":108,"column":25}}]},"2":{"loc":{"start":{"line":118,"column":8},"end":{"line":118,"column":67}},"type":"binary-expr","locations":[{"start":{"line":118,"column":9},"end":{"line":118,"column":27}},{"start":{"line":118,"column":32},"end":{"line":118,"column":67}}]},"3":{"loc":{"start":{"line":118,"column":9},"end":{"line":118,"column":27}},"type":"cond-expr","locations":[{"start":{"line":118,"column":9},"end":{"line":118,"column":16}},{"start":{"line":118,"column":20},"end":{"line":118,"column":27}}]},"4":{"loc":{"start":{"line":118,"column":9},"end":{"line":118,"column":20}},"type":"binary-expr","locations":[{"start":{"line":118,"column":9},"end":{"line":118,"column":20}},{"start":{"line":118,"column":9},"end":{"line":118,"column":20}}]},"5":{"loc":{"start":{"line":123,"column":4},"end":{"line":130,"column":null}},"type":"if","locations":[{"start":{"line":123,"column":4},"end":{"line":130,"column":null}}]},"6":{"loc":{"start":{"line":124,"column":6},"end":{"line":128,"column":null}},"type":"if","locations":[{"start":{"line":124,"column":6},"end":{"line":128,"column":null}}]},"7":{"loc":{"start":{"line":124,"column":10},"end":{"line":124,"column":28}},"type":"binary-expr","locations":[{"start":{"line":124,"column":10},"end":{"line":124,"column":17}},{"start":{"line":124,"column":21},"end":{"line":124,"column":28}}]},"8":{"loc":{"start":{"line":137,"column":6},"end":{"line":137,"column":null}},"type":"if","locations":[{"start":{"line":137,"column":6},"end":{"line":137,"column":null}}]},"9":{"loc":{"start":{"line":139,"column":8},"end":{"line":143,"column":24}},"type":"cond-expr","locations":[{"start":{"line":140,"column":12},"end":{"line":140,"column":null}},{"start":{"line":141,"column":12},"end":{"line":143,"column":24}}]},"10":{"loc":{"start":{"line":140,"column":20},"end":{"line":140,"column":54}},"type":"binary-expr","locations":[{"start":{"line":140,"column":20},"end":{"line":140,"column":39}},{"start":{"line":140,"column":43},"end":{"line":140,"column":54}}]},"11":{"loc":{"start":{"line":141,"column":12},"end":{"line":143,"column":24}},"type":"cond-expr","locations":[{"start":{"line":142,"column":12},"end":{"line":142,"column":null}},{"start":{"line":143,"column":12},"end":{"line":143,"column":24}}]},"12":{"loc":{"start":{"line":158,"column":4},"end":{"line":178,"column":null}},"type":"if","locations":[{"start":{"line":158,"column":4},"end":{"line":178,"column":null}}]},"13":{"loc":{"start":{"line":159,"column":6},"end":{"line":160,"column":49}},"type":"binary-expr","locations":[{"start":{"line":159,"column":6},"end":{"line":159,"column":39}},{"start":{"line":160,"column":6},"end":{"line":160,"column":49}}]},"14":{"loc":{"start":{"line":165,"column":8},"end":{"line":175,"column":null}},"type":"if","locations":[{"start":{"line":165,"column":8},"end":{"line":175,"column":null}}]},"15":{"loc":{"start":{"line":166,"column":10},"end":{"line":168,"column":41}},"type":"binary-expr","locations":[{"start":{"line":166,"column":10},"end":{"line":166,"column":17}},{"start":{"line":167,"column":10},"end":{"line":167,"column":36}},{"start":{"line":168,"column":10},"end":{"line":168,"column":41}}]},"16":{"loc":{"start":{"line":188,"column":6},"end":{"line":248,"column":null}},"type":"switch","locations":[{"start":{"line":189,"column":8},"end":{"line":208,"column":null}},{"start":{"line":210,"column":8},"end":{"line":247,"column":16}}]},"17":{"loc":{"start":{"line":190,"column":10},"end":{"line":195,"column":null}},"type":"if","locations":[{"start":{"line":190,"column":10},"end":{"line":195,"column":null}}]},"18":{"loc":{"start":{"line":199,"column":14},"end":{"line":202,"column":null}},"type":"if","locations":[{"start":{"line":199,"column":14},"end":{"line":202,"column":null}}]},"19":{"loc":{"start":{"line":204,"column":14},"end":{"line":204,"column":60}},"type":"if","locations":[{"start":{"line":204,"column":14},"end":{"line":204,"column":60}}]},"20":{"loc":{"start":{"line":205,"column":14},"end":{"line":205,"column":null}},"type":"if","locations":[{"start":{"line":205,"column":14},"end":{"line":205,"column":null}}]},"21":{"loc":{"start":{"line":211,"column":10},"end":{"line":246,"column":null}},"type":"switch","locations":[{"start":{"line":212,"column":12},"end":{"line":214,"column":null}},{"start":{"line":216,"column":12},"end":{"line":217,"column":null}},{"start":{"line":219,"column":12},"end":{"line":223,"column":null}},{"start":{"line":225,"column":12},"end":{"line":225,"column":33}},{"start":{"line":226,"column":12},"end":{"line":229,"column":null}},{"start":{"line":231,"column":12},"end":{"line":242,"column":null}},{"start":{"line":244,"column":12},"end":{"line":245,"column":49}}]},"22":{"loc":{"start":{"line":234,"column":16},"end":{"line":234,"column":66}},"type":"cond-expr","locations":[{"start":{"line":234,"column":16},"end":{"line":234,"column":31}},{"start":{"line":234,"column":16},"end":{"line":234,"column":66}}]},"23":{"loc":{"start":{"line":234,"column":16},"end":{"line":234,"column":61}},"type":"binary-expr","locations":[{"start":{"line":234,"column":16},"end":{"line":234,"column":61}},{"start":{"line":234,"column":16},"end":{"line":234,"column":61}}]},"24":{"loc":{"start":{"line":235,"column":14},"end":{"line":235,"column":44}},"type":"if","locations":[{"start":{"line":235,"column":14},"end":{"line":235,"column":44}}]},"25":{"loc":{"start":{"line":265,"column":2},"end":{"line":265,"column":null}},"type":"if","locations":[{"start":{"line":265,"column":2},"end":{"line":265,"column":null}}]}},"s":{"0":6,"1":37,"2":37,"3":37,"4":37,"5":37,"6":37,"7":37,"8":37,"9":16,"10":1,"11":16,"12":21,"13":21,"14":21,"15":12,"16":12,"17":2,"18":10,"19":10,"20":21,"21":7,"22":14,"23":7,"24":7,"25":7,"26":7,"27":7,"28":21,"29":21,"30":21,"31":1,"32":1,"33":1,"34":4,"35":8,"36":4,"37":4,"38":1,"39":1,"40":4,"41":21,"42":20,"43":8,"44":1,"45":1,"46":7,"47":6,"48":2,"49":2,"50":4,"51":2,"52":2,"53":0,"54":2,"55":12,"56":1,"57":1,"58":1,"59":2,"60":1,"61":1,"62":4,"63":2,"64":1,"65":1,"66":1,"67":0,"68":1,"69":1,"70":1,"71":3,"72":0,"73":21,"74":6,"75":6,"76":6,"77":13,"78":13,"79":4,"80":13,"81":9},"f":{"0":37,"1":37,"2":12,"3":7,"4":4,"5":20,"6":6,"7":1,"8":2,"9":13},"b":{"0":[33,4],"1":[37,33],"2":[37,25],"3":[23,14],"4":[37,37],"5":[16],"6":[1],"7":[16,3],"8":[2],"9":[3,7],"10":[3,3],"11":[3,4],"12":[1],"13":[21,1],"14":[1],"15":[4,4,1],"16":[8,12],"17":[1],"18":[2],"19":[2],"20":[0],"21":[1,1,2,2,4,1,3],"22":[0,1],"23":[1,1],"24":[0],"25":[9]}}
,"/Users/alek/Documents/development/zustand/src/middleware/immer.ts": {"path":"/Users/alek/Documents/development/zustand/src/middleware/immer.ts","statementMap":{"0":{"start":{"line":2,"column":38},"end":{"line":2,"column":null}},"1":{"start":{"line":63,"column":29},"end":{"line":75,"column":null}},"2":{"start":{"line":63,"column":46},"end":{"line":75,"column":null}},"3":{"start":{"line":66,"column":2},"end":{"line":72,"column":null}},"4":{"start":{"line":66,"column":41},"end":{"line":66,"column":42}},"5":{"start":{"line":66,"column":42},"end":{"line":66,"column":47}},"6":{"start":{"line":66,"column":41},"end":{"line":66,"column":47}},"7":{"start":{"line":68,"column":6},"end":{"line":68,"column":71}},"8":{"start":{"line":71,"column":4},"end":{"line":71,"column":null}},"9":{"start":{"line":74,"column":2},"end":{"line":74,"column":null}},"10":{"start":{"line":77,"column":21},"end":{"line":77,"column":30}},"11":{"start":{"line":77,"column":13},"end":{"line":77,"column":21}}},"fnMap":{"0":{"name":"(anonymous_6)","decl":{"start":{"line":63,"column":29},"end":{"line":63,"column":30}},"loc":{"start":{"line":63,"column":41},"end":{"line":75,"column":null}}},"1":{"name":"(anonymous_7)","decl":{"start":{"line":63,"column":46},"end":{"line":63,"column":47}},"loc":{"start":{"line":63,"column":67},"end":{"line":75,"column":null}}},"2":{"name":"(anonymous_8)","decl":{"start":{"line":66,"column":19},"end":{"line":66,"column":20}},"loc":{"start":{"line":66,"column":47},"end":{"line":72,"column":null}}}},"branchMap":{"0":{"loc":{"start":{"line":66,"column":42},"end":{"line":66,"column":47}},"type":"cond-expr","locations":[{"start":{"line":66,"column":42},"end":{"line":66,"column":47}},{"start":{"line":66,"column":42},"end":{"line":66,"column":47}}]},"1":{"loc":{"start":{"line":68,"column":6},"end":{"line":68,"column":71}},"type":"cond-expr","locations":[{"start":{"line":68,"column":38},"end":{"line":68,"column":45}},{"start":{"line":68,"column":64},"end":{"line":68,"column":71}}]}},"s":{"0":1,"1":1,"2":5,"3":5,"4":0,"5":0,"6":0,"7":0,"8":0,"9":5,"10":1,"11":1},"f":{"0":5,"1":5,"2":0},"b":{"0":[0,0],"1":[0,0]}}
,"/Users/alek/Documents/development/zustand/src/middleware/persist.ts": {"path":"/Users/alek/Documents/development/zustand/src/middleware/persist.ts","statementMap":{"0":{"start":{"line":98,"column":2},"end":{"line":125,"column":null}},"1":{"start":{"line":101,"column":2},"end":{"line":125,"column":null}},"2":{"start":{"line":102,"column":4},"end":{"line":124,"column":null}},"3":{"start":{"line":103,"column":21},"end":{"line":103,"column":30}},"4":{"start":{"line":104,"column":6},"end":{"line":106,"column":null}},"5":{"start":{"line":105,"column":8},"end":{"line":105,"column":41}},"6":{"start":{"line":107,"column":6},"end":{"line":114,"column":null}},"7":{"start":{"line":109,"column":10},"end":{"line":109,"column":null}},"8":{"start":{"line":112,"column":10},"end":{"line":112,"column":38}},"9":{"start":{"line":116,"column":6},"end":{"line":123,"column":null}},"10":{"start":{"line":118,"column":10},"end":{"line":118,"column":38}},"11":{"start":{"line":121,"column":10},"end":{"line":121,"column":null}},"12":{"start":{"line":127,"column":33},"end":{"line":297,"column":null}},"13":{"start":{"line":127,"column":58},"end":{"line":297,"column":null}},"14":{"start":{"line":129,"column":16},"end":{"line":139,"column":null}},"15":{"start":{"line":130,"column":22},"end":{"line":130,"column":null}},"16":{"start":{"line":133,"column":30},"end":{"line":133,"column":null}},"17":{"start":{"line":135,"column":58},"end":{"line":138,"column":6}},"18":{"start":{"line":142,"column":20},"end":{"line":142,"column":25}},"19":{"start":{"line":143,"column":29},"end":{"line":143,"column":58}},"20":{"start":{"line":144,"column":35},"end":{"line":144,"column":64}},"21":{"start":{"line":147,"column":2},"end":{"line":151,"column":null}},"22":{"start":{"line":148,"column":4},"end":{"line":148,"column":null}},"23":{"start":{"line":153,"column":2},"end":{"line":164,"column":null}},"24":{"start":{"line":154,"column":4},"end":{"line":163,"column":null}},"25":{"start":{"line":155,"column":10},"end":{"line":155,"column":14}},"26":{"start":{"line":155,"column":14},"end":{"line":155,"column":19}},"27":{"start":{"line":155,"column":10},"end":{"line":155,"column":19}},"28":{"start":{"line":156,"column":8},"end":{"line":158,"column":null}},"29":{"start":{"line":159,"column":8},"end":{"line":159,"column":null}},"30":{"start":{"line":166,"column":28},"end":{"line":166,"column":57}},"31":{"start":{"line":168,"column":18},"end":{"line":183,"column":null}},"32":{"start":{"line":169,"column":18},"end":{"line":169,"column":50}},"33":{"start":{"line":172,"column":21},"end":{"line":178,"column":8}},"34":{"start":{"line":174,"column":8},"end":{"line":174,"column":null}},"35":{"start":{"line":177,"column":8},"end":{"line":177,"column":null}},"36":{"start":{"line":179,"column":4},"end":{"line":181,"column":null}},"37":{"start":{"line":180,"column":6},"end":{"line":180,"column":null}},"38":{"start":{"line":182,"column":4},"end":{"line":182,"column":null}},"39":{"start":{"line":185,"column":24},"end":{"line":185,"column":36}},"40":{"start":{"line":187,"column":2},"end":{"line":190,"column":null}},"41":{"start":{"line":188,"column":4},"end":{"line":188,"column":null}},"42":{"start":{"line":189,"column":4},"end":{"line":189,"column":null}},"43":{"start":{"line":192,"column":23},"end":{"line":198,"column":null}},"44":{"start":{"line":193,"column":8},"end":{"line":193,"column":12}},"45":{"start":{"line":193,"column":12},"end":{"line":193,"column":17}},"46":{"start":{"line":193,"column":8},"end":{"line":193,"column":17}},"47":{"start":{"line":194,"column":6},"end":{"line":194,"column":null}},"48":{"start":{"line":195,"column":6},"end":{"line":195,"column":null}},"49":{"start":{"line":207,"column":18},"end":{"line":260,"column":null}},"50":{"start":{"line":208,"column":4},"end":{"line":208,"column":24}},"51":{"start":{"line":208,"column":18},"end":{"line":208,"column":24}},"52":{"start":{"line":210,"column":4},"end":{"line":210,"column":null}},"53":{"start":{"line":211,"column":4},"end":{"line":211,"column":null}},"54":{"start":{"line":211,"column":39},"end":{"line":211,"column":49}},"55":{"start":{"line":214,"column":6},"end":{"line":214,"column":54}},"56":{"start":{"line":217,"column":4},"end":{"line":259,"column":null}},"57":{"start":{"line":219,"column":8},"end":{"line":221,"column":null}},"58":{"start":{"line":220,"column":10},"end":{"line":220,"column":null}},"59":{"start":{"line":224,"column":8},"end":{"line":241,"column":null}},"60":{"start":{"line":225,"column":10},"end":{"line":240,"column":null}},"61":{"start":{"line":229,"column":12},"end":{"line":234,"column":null}},"62":{"start":{"line":230,"column":14},"end":{"line":233,"column":null}},"63":{"start":{"line":235,"column":12},"end":{"line":237,"column":null}},"64":{"start":{"line":239,"column":12},"end":{"line":239,"column":null}},"65":{"start":{"line":244,"column":8},"end":{"line":247,"column":null}},"66":{"start":{"line":249,"column":8},"end":{"line":249,"column":null}},"67":{"start":{"line":250,"column":8},"end":{"line":250,"column":null}},"68":{"start":{"line":253,"column":8},"end":{"line":253,"column":null}},"69":{"start":{"line":254,"column":8},"end":{"line":254,"column":null}},"70":{"start":{"line":255,"column":8},"end":{"line":255,"column":null}},"71":{"start":{"line":255,"column":49},"end":{"line":255,"column":75}},"72":{"start":{"line":258,"column":8},"end":{"line":258,"column":null}},"73":{"start":{"line":262,"column":3},"end":{"line":292,"column":null}},"74":{"start":{"line":264,"column":6},"end":{"line":267,"column":null}},"75":{"start":{"line":269,"column":6},"end":{"line":271,"column":null}},"76":{"start":{"line":270,"column":8},"end":{"line":270,"column":null}},"77":{"start":{"line":274,"column":6},"end":{"line":274,"column":null}},"78":{"start":{"line":276,"column":21},"end":{"line":276,"column":47}},"79":{"start":{"line":277,"column":23},"end":{"line":277,"column":null}},"80":{"start":{"line":279,"column":6},"end":{"line":279,"column":null}},"81":{"start":{"line":281,"column":6},"end":{"line":283,"column":null}},"82":{"start":{"line":282,"column":8},"end":{"line":282,"column":null}},"83":{"start":{"line":286,"column":6},"end":{"line":286,"column":null}},"84":{"start":{"line":288,"column":6},"end":{"line":290,"column":null}},"85":{"start":{"line":289,"column":8},"end":{"line":289,"column":null}},"86":{"start":{"line":294,"column":2},"end":{"line":294,"column":null}},"87":{"start":{"line":296,"column":2},"end":{"line":296,"column":null}},"88":{"start":{"line":333,"column":23},"end":{"line":333,"column":34}},"89":{"start":{"line":333,"column":13},"end":{"line":333,"column":23}}},"fnMap":{"0":{"name":"(anonymous_11)","decl":{"start":{"line":98,"column":2},"end":{"line":98,"column":null}},"loc":{"start":{"line":99,"column":69},"end":{"line":125,"column":null}}},"1":{"name":"(anonymous_12)","decl":{"start":{"line":101,"column":2},"end":{"line":101,"column":3}},"loc":{"start":{"line":101,"column":38},"end":{"line":125,"column":null}}},"2":{"name":"then","decl":{"start":{"line":108,"column":8},"end":{"line":108,"column":12}},"loc":{"start":{"line":108,"column":26},"end":{"line":110,"column":null}}},"3":{"name":"_catch","decl":{"start":{"line":111,"column":8},"end":{"line":111,"column":13}},"loc":{"start":{"line":111,"column":27},"end":{"line":113,"column":null}}},"4":{"name":"then","decl":{"start":{"line":117,"column":8},"end":{"line":117,"column":12}},"loc":{"start":{"line":117,"column":27},"end":{"line":119,"column":null}}},"5":{"name":"_catch","decl":{"start":{"line":120,"column":8},"end":{"line":120,"column":13}},"loc":{"start":{"line":120,"column":26},"end":{"line":122,"column":null}}},"6":{"name":"(anonymous_17)","decl":{"start":{"line":127,"column":33},"end":{"line":127,"column":34}},"loc":{"start":{"line":127,"column":53},"end":{"line":297,"column":null}}},"7":{"name":"(anonymous_18)","decl":{"start":{"line":127,"column":58},"end":{"line":127,"column":59}},"loc":{"start":{"line":127,"column":77},"end":{"line":297,"column":null}}},"8":{"name":"(anonymous_19)","decl":{"start":{"line":130,"column":16},"end":{"line":130,"column":22}},"loc":{"start":{"line":130,"column":16},"end":{"line":130,"column":null}}},"9":{"name":"(anonymous_20)","decl":{"start":{"line":133,"column":16},"end":{"line":133,"column":17}},"loc":{"start":{"line":133,"column":25},"end":{"line":133,"column":null}}},"10":{"name":"(anonymous_21)","decl":{"start":{"line":135,"column":11},"end":{"line":135,"column":12}},"loc":{"start":{"line":135,"column":52},"end":{"line":138,"column":null}}},"11":{"name":"(anonymous_22)","decl":{"start":{"line":155,"column":6},"end":{"line":155,"column":10}},"loc":{"start":{"line":155,"column":19},"end":{"line":160,"column":null}}},"12":{"name":"(anonymous_23)","decl":{"start":{"line":168,"column":18},"end":{"line":168,"column":40}},"loc":{"start":{"line":168,"column":40},"end":{"line":183,"column":null}}},"13":{"name":"(anonymous_24)","decl":{"start":{"line":173,"column":12},"end":{"line":173,"column":13}},"loc":{"start":{"line":173,"column":28},"end":{"line":174,"column":null}}},"14":{"name":"(anonymous_25)","decl":{"start":{"line":176,"column":13},"end":{"line":176,"column":14}},"loc":{"start":{"line":176,"column":20},"end":{"line":178,"column":8}}},"15":{"name":"(anonymous_26)","decl":{"start":{"line":187,"column":17},"end":{"line":187,"column":18}},"loc":{"start":{"line":187,"column":37},"end":{"line":190,"column":null}}},"16":{"name":"(anonymous_27)","decl":{"start":{"line":193,"column":4},"end":{"line":193,"column":8}},"loc":{"start":{"line":193,"column":17},"end":{"line":196,"column":null}}},"17":{"name":"(anonymous_28)","decl":{"start":{"line":207,"column":18},"end":{"line":207,"column":24}},"loc":{"start":{"line":207,"column":24},"end":{"line":260,"column":null}}},"18":{"name":"(anonymous_29)","decl":{"start":{"line":211,"column":31},"end":{"line":211,"column":32}},"loc":{"start":{"line":211,"column":34},"end":{"line":211,"column":49}}},"19":{"name":"(anonymous_30)","decl":{"start":{"line":218,"column":12},"end":{"line":218,"column":13}},"loc":{"start":{"line":218,"column":30},"end":{"line":222,"column":8}}},"20":{"name":"(anonymous_31)","decl":{"start":{"line":223,"column":12},"end":{"line":223,"column":13}},"loc":{"start":{"line":223,"column":42},"end":{"line":242,"column":8}}},"21":{"name":"(anonymous_32)","decl":{"start":{"line":243,"column":12},"end":{"line":243,"column":13}},"loc":{"start":{"line":243,"column":31},"end":{"line":251,"column":8}}},"22":{"name":"(anonymous_33)","decl":{"start":{"line":252,"column":12},"end":{"line":252,"column":18}},"loc":{"start":{"line":252,"column":18},"end":{"line":256,"column":8}}},"23":{"name":"(anonymous_34)","decl":{"start":{"line":255,"column":41},"end":{"line":255,"column":42}},"loc":{"start":{"line":255,"column":44},"end":{"line":255,"column":75}}},"24":{"name":"(anonymous_35)","decl":{"start":{"line":257,"column":13},"end":{"line":257,"column":14}},"loc":{"start":{"line":257,"column":27},"end":{"line":259,"column":8}}},"25":{"name":"(anonymous_36)","decl":{"start":{"line":263,"column":16},"end":{"line":263,"column":17}},"loc":{"start":{"line":263,"column":32},"end":{"line":272,"column":null}}},"26":{"name":"(anonymous_37)","decl":{"start":{"line":273,"column":18},"end":{"line":273,"column":24}},"loc":{"start":{"line":273,"column":24},"end":{"line":275,"column":null}}},"27":{"name":"(anonymous_38)","decl":{"start":{"line":276,"column":15},"end":{"line":276,"column":21}},"loc":{"start":{"line":276,"column":15},"end":{"line":276,"column":null}}},"28":{"name":"(anonymous_39)","decl":{"start":{"line":277,"column":17},"end":{"line":277,"column":23}},"loc":{"start":{"line":277,"column":17},"end":{"line":277,"column":null}}},"29":{"name":"(anonymous_40)","decl":{"start":{"line":278,"column":15},"end":{"line":278,"column":16}},"loc":{"start":{"line":278,"column":23},"end":{"line":284,"column":null}}},"30":{"name":"(anonymous_41)","decl":{"start":{"line":281,"column":13},"end":{"line":281,"column":19}},"loc":{"start":{"line":281,"column":19},"end":{"line":283,"column":null}}},"31":{"name":"(anonymous_42)","decl":{"start":{"line":285,"column":23},"end":{"line":285,"column":24}},"loc":{"start":{"line":285,"column":31},"end":{"line":291,"column":null}}},"32":{"name":"(anonymous_43)","decl":{"start":{"line":288,"column":13},"end":{"line":288,"column":19}},"loc":{"start":{"line":288,"column":19},"end":{"line":290,"column":null}}}},"branchMap":{"0":{"loc":{"start":{"line":104,"column":6},"end":{"line":106,"column":null}},"type":"if","locations":[{"start":{"line":104,"column":6},"end":{"line":106,"column":null}}]},"1":{"loc":{"start":{"line":153,"column":2},"end":{"line":164,"column":null}},"type":"if","locations":[{"start":{"line":153,"column":2},"end":{"line":164,"column":null}}]},"2":{"loc":{"start":{"line":179,"column":4},"end":{"line":181,"column":null}},"type":"if","locations":[{"start":{"line":179,"column":4},"end":{"line":181,"column":null}}]},"3":{"loc":{"start":{"line":208,"column":4},"end":{"line":208,"column":24}},"type":"if","locations":[{"start":{"line":208,"column":4},"end":{"line":208,"column":24}}]},"4":{"loc":{"start":{"line":214,"column":6},"end":{"line":214,"column":54}},"type":"binary-expr","locations":[{"start":{"line":214,"column":6},"end":{"line":214,"column":41}},{"start":{"line":214,"column":45},"end":{"line":214,"column":54}}]},"5":{"loc":{"start":{"line":214,"column":6},"end":{"line":214,"column":41}},"type":"cond-expr","locations":[{"start":{"line":214,"column":6},"end":{"line":214,"column":13}},{"start":{"line":214,"column":6},"end":{"line":214,"column":41}}]},"6":{"loc":{"start":{"line":214,"column":6},"end":{"line":214,"column":35}},"type":"binary-expr","locations":[{"start":{"line":214,"column":6},"end":{"line":214,"column":35}},{"start":{"line":214,"column":6},"end":{"line":214,"column":35}}]},"7":{"loc":{"start":{"line":219,"column":8},"end":{"line":221,"column":null}},"type":"if","locations":[{"start":{"line":219,"column":8},"end":{"line":221,"column":null}}]},"8":{"loc":{"start":{"line":224,"column":8},"end":{"line":241,"column":null}},"type":"if","locations":[{"start":{"line":224,"column":8},"end":{"line":241,"column":null}}]},"9":{"loc":{"start":{"line":225,"column":10},"end":{"line":240,"column":null}},"type":"if","locations":[{"start":{"line":225,"column":10},"end":{"line":240,"column":null}},{"start":{"line":238,"column":17},"end":{"line":240,"column":null}}]},"10":{"loc":{"start":{"line":226,"column":12},"end":{"line":227,"column":64}},"type":"binary-expr","locations":[{"start":{"line":226,"column":12},"end":{"line":226,"column":64}},{"start":{"line":227,"column":12},"end":{"line":227,"column":64}}]},"11":{"loc":{"start":{"line":229,"column":12},"end":{"line":234,"column":null}},"type":"if","locations":[{"start":{"line":229,"column":12},"end":{"line":234,"column":null}}]},"12":{"loc":{"start":{"line":246,"column":10},"end":{"line":246,"column":31}},"type":"cond-expr","locations":[{"start":{"line":246,"column":10},"end":{"line":246,"column":13}},{"start":{"line":246,"column":19},"end":{"line":246,"column":31}}]},"13":{"loc":{"start":{"line":246,"column":10},"end":{"line":246,"column":19}},"type":"binary-expr","locations":[{"start":{"line":246,"column":10},"end":{"line":246,"column":19}},{"start":{"line":246,"column":10},"end":{"line":246,"column":19}}]},"14":{"loc":{"start":{"line":253,"column":8},"end":{"line":253,"column":62}},"type":"cond-expr","locations":[{"start":{"line":253,"column":8},"end":{"line":253,"column":31}},{"start":{"line":253,"column":8},"end":{"line":253,"column":62}}]},"15":{"loc":{"start":{"line":253,"column":8},"end":{"line":253,"column":34}},"type":"binary-expr","locations":[{"start":{"line":253,"column":8},"end":{"line":253,"column":34}},{"start":{"line":253,"column":8},"end":{"line":253,"column":34}}]},"16":{"loc":{"start":{"line":258,"column":8},"end":{"line":258,"column":47}},"type":"cond-expr","locations":[{"start":{"line":258,"column":8},"end":{"line":258,"column":31}},{"start":{"line":258,"column":8},"end":{"line":258,"column":47}}]},"17":{"loc":{"start":{"line":258,"column":8},"end":{"line":258,"column":34}},"type":"binary-expr","locations":[{"start":{"line":258,"column":8},"end":{"line":258,"column":34}},{"start":{"line":258,"column":8},"end":{"line":258,"column":34}}]},"18":{"loc":{"start":{"line":269,"column":6},"end":{"line":271,"column":null}},"type":"if","locations":[{"start":{"line":269,"column":6},"end":{"line":271,"column":null}}]},"19":{"loc":{"start":{"line":274,"column":6},"end":{"line":274,"column":39}},"type":"cond-expr","locations":[{"start":{"line":274,"column":6},"end":{"line":274,"column":13}},{"start":{"line":274,"column":6},"end":{"line":274,"column":39}}]},"20":{"loc":{"start":{"line":274,"column":6},"end":{"line":274,"column":15}},"type":"binary-expr","locations":[{"start":{"line":274,"column":6},"end":{"line":274,"column":15}},{"start":{"line":274,"column":6},"end":{"line":274,"column":15}}]},"21":{"loc":{"start":{"line":296,"column":9},"end":{"line":296,"column":41}},"type":"binary-expr","locations":[{"start":{"line":296,"column":9},"end":{"line":296,"column":25}},{"start":{"line":296,"column":29},"end":{"line":296,"column":41}}]}},"s":{"0":6,"1":268,"2":276,"3":276,"4":274,"5":18,"6":256,"7":180,"8":74,"9":2,"10":6,"11":2,"12":6,"13":40,"14":40,"15":11,"16":44,"17":40,"18":40,"19":40,"20":40,"21":40,"22":40,"23":40,"24":0,"25":0,"26":0,"27":0,"28":0,"29":0,"30":40,"31":40,"32":48,"33":48,"34":48,"35":0,"36":48,"37":0,"38":48,"39":40,"40":40,"41":5,"42":5,"43":40,"44":1,"45":2,"46":1,"47":1,"48":1,"49":40,"50":46,"51":0,"52":46,"53":46,"54":3,"55":46,"56":46,"57":44,"58":27,"59":44,"60":27,"61":6,"62":4,"63":2,"64":21,"65":42,"66":42,"67":42,"68":42,"69":42,"70":42,"71":5,"72":4,"73":40,"74":1,"75":1,"76":0,"77":1,"78":6,"79":5,"80":2,"81":2,"82":1,"83":3,"84":3,"85":1,"86":40,"87":40,"88":6,"89":6},"f":{"0":268,"1":276,"2":180,"3":74,"4":6,"5":2,"6":40,"7":40,"8":11,"9":44,"10":40,"11":0,"12":48,"13":48,"14":0,"15":5,"16":1,"17":46,"18":3,"19":44,"20":44,"21":42,"22":42,"23":5,"24":4,"25":1,"26":1,"27":6,"28":5,"29":2,"30":1,"31":3,"32":1},"b":{"0":[18],"1":[0],"2":[0],"3":[0],"4":[46,30],"5":[30,16],"6":[46,46],"7":[27],"8":[27],"9":[6,21],"10":[27,24],"11":[4],"12":[17,25],"13":[42,42],"14":[30,12],"15":[42,42],"16":[0,4],"17":[4,4],"18":[0],"19":[0,1],"20":[1,1],"21":[40,15]}}
,"/Users/alek/Documents/development/zustand/src/middleware/redux.ts": {"path":"/Users/alek/Documents/development/zustand/src/middleware/redux.ts","statementMap":{"0":{"start":{"line":48,"column":29},"end":{"line":58,"column":null}},"1":{"start":{"line":48,"column":51},"end":{"line":58,"column":null}},"2":{"start":{"line":51,"column":3},"end":{"line":54,"column":null}},"3":{"start":{"line":52,"column":5},"end":{"line":52,"column":null}},"4":{"start":{"line":52,"column":40},"end":{"line":52,"column":64}},"5":{"start":{"line":53,"column":4},"end":{"line":53,"column":null}},"6":{"start":{"line":55,"column":3},"end":{"line":55,"column":null}},"7":{"start":{"line":57,"column":2},"end":{"line":57,"column":null}},"8":{"start":{"line":57,"column":25},"end":{"line":57,"column":26}},"9":{"start":{"line":57,"column":26},"end":{"line":57,"column":31}},"10":{"start":{"line":57,"column":25},"end":{"line":57,"column":31}},"11":{"start":{"line":57,"column":31},"end":{"line":57,"column":63}},"12":{"start":{"line":59,"column":21},"end":{"line":59,"column":30}},"13":{"start":{"line":59,"column":13},"end":{"line":59,"column":21}}},"fnMap":{"0":{"name":"(anonymous_10)","decl":{"start":{"line":48,"column":29},"end":{"line":48,"column":30}},"loc":{"start":{"line":48,"column":46},"end":{"line":58,"column":null}}},"1":{"name":"(anonymous_11)","decl":{"start":{"line":48,"column":51},"end":{"line":48,"column":52}},"loc":{"start":{"line":48,"column":70},"end":{"line":58,"column":null}}},"2":{"name":"(anonymous_12)","decl":{"start":{"line":51,"column":27},"end":{"line":51,"column":28}},"loc":{"start":{"line":51,"column":42},"end":{"line":54,"column":null}}},"3":{"name":"(anonymous_13)","decl":{"start":{"line":52,"column":26},"end":{"line":52,"column":27}},"loc":{"start":{"line":52,"column":35},"end":{"line":52,"column":64}}},"4":{"name":"(anonymous_14)","decl":{"start":{"line":57,"column":21},"end":{"line":57,"column":25}},"loc":{"start":{"line":57,"column":21},"end":{"line":57,"column":63}}}},"branchMap":{},"s":{"0":6,"1":4,"2":4,"3":4,"4":4,"5":4,"6":4,"7":4,"8":0,"9":0,"10":0,"11":0,"12":6,"13":6},"f":{"0":4,"1":4,"2":4,"3":4,"4":0},"b":{}}
,"/Users/alek/Documents/development/zustand/src/middleware/subscribeWithSelector.ts": {"path":"/Users/alek/Documents/development/zustand/src/middleware/subscribeWithSelector.ts","statementMap":{"0":{"start":{"line":60,"column":2},"end":{"line":83,"column":null}},"1":{"start":{"line":60,"column":10},"end":{"line":83,"column":null}},"2":{"start":{"line":62,"column":26},"end":{"line":62,"column":39}},"3":{"start":{"line":63,"column":4},"end":{"line":80,"column":5}},"4":{"start":{"line":64,"column":39},"end":{"line":64,"column":47}},"5":{"start":{"line":65,"column":6},"end":{"line":78,"column":null}},"6":{"start":{"line":66,"column":27},"end":{"line":66,"column":59}},"7":{"start":{"line":67,"column":27},"end":{"line":67,"column":51}},"8":{"start":{"line":68,"column":8},"end":{"line":74,"column":null}},"9":{"start":{"line":69,"column":28},"end":{"line":69,"column":43}},"10":{"start":{"line":70,"column":10},"end":{"line":73,"column":null}},"11":{"start":{"line":71,"column":34},"end":{"line":71,"column":46}},"12":{"start":{"line":72,"column":12},"end":{"line":72,"column":null}},"13":{"start":{"line":75,"column":8},"end":{"line":77,"column":null}},"14":{"start":{"line":76,"column":10},"end":{"line":76,"column":null}},"15":{"start":{"line":79,"column":6},"end":{"line":79,"column":null}},"16":{"start":{"line":81,"column":25},"end":{"line":81,"column":42}},"17":{"start":{"line":82,"column":4},"end":{"line":82,"column":null}},"18":{"start":{"line":85,"column":2},"end":{"line":85,"column":27}},"19":{"start":{"line":84,"column":13},"end":{"line":84,"column":null}}},"fnMap":{"0":{"name":"(anonymous_0)","decl":{"start":{"line":60,"column":2},"end":{"line":60,"column":3}},"loc":{"start":{"line":60,"column":5},"end":{"line":83,"column":null}}},"1":{"name":"(anonymous_1)","decl":{"start":{"line":60,"column":10},"end":{"line":60,"column":11}},"loc":{"start":{"line":60,"column":29},"end":{"line":83,"column":null}}},"2":{"name":"(anonymous_2)","decl":{"start":{"line":63,"column":21},"end":{"line":63,"column":22}},"loc":{"start":{"line":63,"column":72},"end":{"line":80,"column":5}}},"3":{"name":"(anonymous_3)","decl":{"start":{"line":68,"column":19},"end":{"line":68,"column":20}},"loc":{"start":{"line":68,"column":30},"end":{"line":74,"column":null}}}},"branchMap":{"0":{"loc":{"start":{"line":65,"column":6},"end":{"line":78,"column":null}},"type":"if","locations":[{"start":{"line":65,"column":6},"end":{"line":78,"column":null}}]},"1":{"loc":{"start":{"line":66,"column":27},"end":{"line":66,"column":59}},"type":"binary-expr","locations":[{"start":{"line":66,"column":27},"end":{"line":66,"column":46}},{"start":{"line":66,"column":50},"end":{"line":66,"column":59}}]},"2":{"loc":{"start":{"line":66,"column":27},"end":{"line":66,"column":46}},"type":"cond-expr","locations":[{"start":{"line":66,"column":27},"end":{"line":66,"column":34}},{"start":{"line":66,"column":27},"end":{"line":66,"column":46}}]},"3":{"loc":{"start":{"line":66,"column":27},"end":{"line":66,"column":36}},"type":"binary-expr","locations":[{"start":{"line":66,"column":27},"end":{"line":66,"column":36}},{"start":{"line":66,"column":27},"end":{"line":66,"column":36}}]},"4":{"loc":{"start":{"line":70,"column":10},"end":{"line":73,"column":null}},"type":"if","locations":[{"start":{"line":70,"column":10},"end":{"line":73,"column":null}}]},"5":{"loc":{"start":{"line":75,"column":8},"end":{"line":77,"column":null}},"type":"if","locations":[{"start":{"line":75,"column":8},"end":{"line":77,"column":null}}]},"6":{"loc":{"start":{"line":75,"column":12},"end":{"line":75,"column":36}},"type":"cond-expr","locations":[{"start":{"line":75,"column":12},"end":{"line":75,"column":19}},{"start":{"line":75,"column":12},"end":{"line":75,"column":36}}]},"7":{"loc":{"start":{"line":75,"column":12},"end":{"line":75,"column":21}},"type":"binary-expr","locations":[{"start":{"line":75,"column":12},"end":{"line":75,"column":21}},{"start":{"line":75,"column":12},"end":{"line":75,"column":21}}]}},"s":{"0":6,"1":17,"2":17,"3":17,"4":8,"5":8,"6":7,"7":7,"8":7,"9":8,"10":8,"11":5,"12":5,"13":7,"14":0,"15":8,"16":17,"17":17,"18":6,"19":6},"f":{"0":17,"1":17,"2":8,"3":8},"b":{"0":[7],"1":[7,4],"2":[4,3],"3":[7,7],"4":[5],"5":[0],"6":[4,3],"7":[7,7]}}
}
